<?xml version="1.0" encoding="UTF-8"?>
<testng-results skipped="0" failed="0" total="1" passed="1">
  <reporter-output>
  </reporter-output>
  <suite name="TestNGSuite" duration-ms="27" started-at="2019-02-26T09:02:25Z" finished-at="2019-02-26T09:02:25Z">
    <groups>
    </groups>
    <test name="##### ChromeTest #####" duration-ms="27" started-at="2019-02-26T09:02:25Z" finished-at="2019-02-26T09:02:25Z">
      <class name="iMacGroup.iMacArtID.SampleTestNG">
        <test-method status="PASS" signature="beforeTest()[pri:0, instance:iMacGroup.iMacArtID.SampleTestNG@7ac7a4e4]" name="beforeTest" is-config="true" duration-ms="9" started-at="2019-02-26T14:32:25Z" finished-at="2019-02-26T14:32:25Z">
          <reporter-output>
          </reporter-output>
        </test-method> <!-- beforeTest -->
        <test-method status="PASS" signature="f()[pri:0, instance:iMacGroup.iMacArtID.SampleTestNG@7ac7a4e4]" name="f" duration-ms="5" started-at="2019-02-26T14:32:25Z" finished-at="2019-02-26T14:32:25Z">
          <reporter-output>
          </reporter-output>
        </test-method> <!-- f -->
        <test-method status="PASS" signature="afterTest()[pri:0, instance:iMacGroup.iMacArtID.SampleTestNG@7ac7a4e4]" name="afterTest" is-config="true" duration-ms="1" started-at="2019-02-26T14:32:25Z" finished-at="2019-02-26T14:32:25Z">
          <reporter-output>
          </reporter-output>
        </test-method> <!-- afterTest -->
      </class> <!-- iMacGroup.iMacArtID.SampleTestNG -->
    </test> <!-- ##### ChromeTest ##### -->
  </suite> <!-- TestNGSuite -->
</testng-results>
